09:14:17.666 [background-preinit] INFO  o.h.v.i.util.Version - [<clinit>,21] - HV000001: Hibernate Validator 6.2.3.Final
09:14:20.645 [main] INFO  c.e.demo.Application - [logStartupProfileInfo,645] - No active profile set, falling back to 1 default profile: "default"
09:14:28.576 [main] INFO  o.a.c.h.Http11NioProtocol - [log,173] - Initializing ProtocolHandler ["http-nio-8080"]
09:14:28.577 [main] INFO  o.a.c.c.StandardService - [log,173] - Starting service [Tomcat]
09:14:28.578 [main] INFO  o.a.c.c.StandardEngine - [log,173] - Starting Servlet engine: [Apache Tomcat/9.0.63]
09:14:28.931 [main] INFO  o.a.c.c.C.[.[.[/] - [log,173] - Initializing Spring embedded WebApplicationContext
09:14:32.007 [main] INFO  c.a.d.p.DruidDataSource - [init,998] - {dataSource-1,master} inited
09:14:32.011 [main] INFO  c.b.d.d.DynamicRoutingDataSource - [addDataSource,148] - dynamic-datasource - add a datasource named [master] success
09:14:32.013 [main] INFO  c.b.d.d.DynamicRoutingDataSource - [afterPropertiesSet,228] - dynamic-datasource initial loaded [1] datasource,primary datasource named [master]
09:14:32.436 [main] INFO  c.e.d.s.i.DemoConfigServiceImpl - [init,45] - 初始化参数到缓存
09:14:38.981 [main] INFO  o.a.c.h.Http11NioProtocol - [log,173] - Starting ProtocolHandler ["http-nio-8080"]
09:14:41.306 [main] INFO  c.e.demo.Application - [logStarted,61] - Started Application in 26.445 seconds (JVM running for 29.155)
09:17:28.296 [http-nio-8080-exec-1] INFO  o.a.c.c.C.[.[.[/] - [log,173] - Initializing Spring DispatcherServlet 'dispatcherServlet'
09:30:03.217 [SpringApplicationShutdownHook] INFO  c.b.d.d.DynamicRoutingDataSource - [destroy,205] - dynamic-datasource start closing ....
09:30:03.301 [SpringApplicationShutdownHook] INFO  c.a.d.p.DruidDataSource - [close,2071] - {dataSource-1} closing ...
09:30:03.396 [SpringApplicationShutdownHook] INFO  c.a.d.p.DruidDataSource - [close,2144] - {dataSource-1} closed
09:30:03.396 [SpringApplicationShutdownHook] INFO  c.b.d.d.DynamicRoutingDataSource - [destroy,209] - dynamic-datasource all closed success,bye
09:30:14.118 [background-preinit] INFO  o.h.v.i.util.Version - [<clinit>,21] - HV000001: Hibernate Validator 6.2.3.Final
09:30:16.860 [main] INFO  c.e.demo.Application - [logStartupProfileInfo,645] - No active profile set, falling back to 1 default profile: "default"
09:30:22.749 [main] INFO  o.a.c.h.Http11NioProtocol - [log,173] - Initializing ProtocolHandler ["http-nio-8080"]
09:30:22.751 [main] INFO  o.a.c.c.StandardService - [log,173] - Starting service [Tomcat]
09:30:22.754 [main] INFO  o.a.c.c.StandardEngine - [log,173] - Starting Servlet engine: [Apache Tomcat/9.0.63]
09:30:22.942 [main] INFO  o.a.c.c.C.[.[.[/] - [log,173] - Initializing Spring embedded WebApplicationContext
09:30:25.690 [main] INFO  c.a.d.p.DruidDataSource - [init,998] - {dataSource-1,master} inited
09:30:25.693 [main] INFO  c.b.d.d.DynamicRoutingDataSource - [addDataSource,148] - dynamic-datasource - add a datasource named [master] success
09:30:25.696 [main] INFO  c.b.d.d.DynamicRoutingDataSource - [afterPropertiesSet,228] - dynamic-datasource initial loaded [1] datasource,primary datasource named [master]
09:30:26.144 [main] INFO  c.e.d.s.i.DemoConfigServiceImpl - [init,45] - 初始化参数到缓存
09:30:32.438 [main] INFO  o.a.c.h.Http11NioProtocol - [log,173] - Starting ProtocolHandler ["http-nio-8080"]
09:30:34.588 [main] INFO  c.e.demo.Application - [logStarted,61] - Started Application in 23.079 seconds (JVM running for 25.201)
09:31:14.210 [http-nio-8080-exec-1] INFO  o.a.c.c.C.[.[.[/] - [log,173] - Initializing Spring DispatcherServlet 'dispatcherServlet'
09:46:53.648 [http-nio-8080-exec-8] INFO  c.e.d.c.DemoConfigController - [add,101] - 参数配置新增
09:50:15.496 [lettuce-nioEventLoop-4-1] INFO  i.l.c.p.CommandHandler - [log,217] - null Unexpected exception during request: java.io.IOException: 杩绋涓绘哄己杩抽浜涓涓版杩ャ?
java.io.IOException: 杩绋涓绘哄己杩抽浜涓涓版杩ャ?
	at java.base/sun.nio.ch.SocketDispatcher.read0(Native Method)
	at java.base/sun.nio.ch.SocketDispatcher.read(Unknown Source)
	at java.base/sun.nio.ch.IOUtil.readIntoNativeBuffer(Unknown Source)
	at java.base/sun.nio.ch.IOUtil.read(Unknown Source)
	at java.base/sun.nio.ch.SocketChannelImpl.read(Unknown Source)
	at io.netty.buffer.PooledByteBuf.setBytes(PooledByteBuf.java:258)
	at io.netty.buffer.AbstractByteBuf.writeBytes(AbstractByteBuf.java:1132)
	at io.netty.channel.socket.nio.NioSocketChannel.doReadBytes(NioSocketChannel.java:357)
	at io.netty.channel.nio.AbstractNioByteChannel$NioByteUnsafe.read(AbstractNioByteChannel.java:151)
	at io.netty.channel.nio.NioEventLoop.processSelectedKey(NioEventLoop.java:722)
	at io.netty.channel.nio.NioEventLoop.processSelectedKeysOptimized(NioEventLoop.java:658)
	at io.netty.channel.nio.NioEventLoop.processSelectedKeys(NioEventLoop.java:584)
	at io.netty.channel.nio.NioEventLoop.run(NioEventLoop.java:496)
	at io.netty.util.concurrent.SingleThreadEventExecutor$4.run(SingleThreadEventExecutor.java:995)
	at io.netty.util.internal.ThreadExecutorMap$2.run(ThreadExecutorMap.java:74)
	at io.netty.util.concurrent.FastThreadLocalRunnable.run(FastThreadLocalRunnable.java:30)
	at java.base/java.lang.Thread.run(Unknown Source)
09:50:19.956 [lettuce-eventExecutorLoop-1-3] INFO  i.l.c.p.ConnectionWatchdog - [log,171] - Reconnecting, last destination was /10.8.132.77:6379
09:50:32.215 [lettuce-eventExecutorLoop-1-4] INFO  i.l.c.p.ConnectionWatchdog - [log,171] - Reconnecting, last destination was 10.8.132.77:6379
09:50:42.308 [lettuce-eventExecutorLoop-1-1] INFO  i.l.c.p.ConnectionWatchdog - [log,171] - Reconnecting, last destination was 10.8.132.77:6379
09:50:52.411 [lettuce-eventExecutorLoop-1-2] INFO  i.l.c.p.ConnectionWatchdog - [log,171] - Reconnecting, last destination was 10.8.132.77:6379
09:51:02.512 [lettuce-eventExecutorLoop-1-3] INFO  i.l.c.p.ConnectionWatchdog - [log,171] - Reconnecting, last destination was 10.8.132.77:6379
09:51:12.606 [lettuce-eventExecutorLoop-1-4] INFO  i.l.c.p.ConnectionWatchdog - [log,171] - Reconnecting, last destination was 10.8.132.77:6379
09:51:22.711 [lettuce-eventExecutorLoop-1-2] INFO  i.l.c.p.ConnectionWatchdog - [log,171] - Reconnecting, last destination was 10.8.132.77:6379
09:51:32.914 [lettuce-eventExecutorLoop-1-4] INFO  i.l.c.p.ConnectionWatchdog - [log,171] - Reconnecting, last destination was 10.8.132.77:6379
09:51:43.307 [lettuce-eventExecutorLoop-1-2] INFO  i.l.c.p.ConnectionWatchdog - [log,171] - Reconnecting, last destination was 10.8.132.77:6379
09:51:53.912 [lettuce-eventExecutorLoop-1-4] INFO  i.l.c.p.ConnectionWatchdog - [log,171] - Reconnecting, last destination was 10.8.132.77:6379
09:52:05.011 [lettuce-eventExecutorLoop-1-2] INFO  i.l.c.p.ConnectionWatchdog - [log,171] - Reconnecting, last destination was 10.8.132.77:6379
09:52:17.407 [lettuce-eventExecutorLoop-1-4] INFO  i.l.c.p.ConnectionWatchdog - [log,171] - Reconnecting, last destination was 10.8.132.77:6379
09:52:31.607 [lettuce-eventExecutorLoop-1-2] INFO  i.l.c.p.ConnectionWatchdog - [log,171] - Reconnecting, last destination was 10.8.132.77:6379
09:52:49.913 [lettuce-eventExecutorLoop-1-1] INFO  i.l.c.p.ConnectionWatchdog - [log,171] - Reconnecting, last destination was 10.8.132.77:6379
09:52:53.500 [SpringApplicationShutdownHook] INFO  c.b.d.d.DynamicRoutingDataSource - [destroy,205] - dynamic-datasource start closing ....
09:52:53.612 [SpringApplicationShutdownHook] INFO  c.a.d.p.DruidDataSource - [close,2071] - {dataSource-1} closing ...
09:52:53.842 [SpringApplicationShutdownHook] INFO  c.a.d.p.DruidDataSource - [close,2144] - {dataSource-1} closed
09:52:53.843 [SpringApplicationShutdownHook] INFO  c.b.d.d.DynamicRoutingDataSource - [destroy,209] - dynamic-datasource all closed success,bye
10:18:44.659 [background-preinit] INFO  o.h.v.i.util.Version - [<clinit>,21] - HV000001: Hibernate Validator 6.2.3.Final
10:18:47.517 [main] INFO  c.e.demo.Application - [logStartupProfileInfo,645] - No active profile set, falling back to 1 default profile: "default"
10:18:52.748 [main] INFO  o.a.c.h.Http11NioProtocol - [log,173] - Initializing ProtocolHandler ["http-nio-8081"]
10:18:52.749 [main] INFO  o.a.c.c.StandardService - [log,173] - Starting service [Tomcat]
10:18:52.749 [main] INFO  o.a.c.c.StandardEngine - [log,173] - Starting Servlet engine: [Apache Tomcat/9.0.63]
10:18:52.984 [main] INFO  o.a.c.c.C.[.[.[/] - [log,173] - Initializing Spring embedded WebApplicationContext
10:19:16.217 [main] INFO  c.a.d.p.DruidDataSource - [init,998] - {dataSource-1,master} inited
10:19:16.648 [main] INFO  o.a.c.c.StandardService - [log,173] - Stopping service [Tomcat]
10:27:24.607 [background-preinit] INFO  o.h.v.i.util.Version - [<clinit>,21] - HV000001: Hibernate Validator 6.2.3.Final
10:27:27.435 [main] INFO  c.e.demo.Application - [logStartupProfileInfo,645] - No active profile set, falling back to 1 default profile: "default"
10:27:32.399 [main] INFO  o.a.c.h.Http11NioProtocol - [log,173] - Initializing ProtocolHandler ["http-nio-8081"]
10:27:32.400 [main] INFO  o.a.c.c.StandardService - [log,173] - Starting service [Tomcat]
10:27:32.401 [main] INFO  o.a.c.c.StandardEngine - [log,173] - Starting Servlet engine: [Apache Tomcat/9.0.63]
10:27:32.608 [main] INFO  o.a.c.c.C.[.[.[/] - [log,173] - Initializing Spring embedded WebApplicationContext
10:27:55.898 [main] INFO  c.a.d.p.DruidDataSource - [init,998] - {dataSource-1,master} inited
10:27:55.966 [main] INFO  o.a.c.c.StandardService - [log,173] - Stopping service [Tomcat]
10:41:50.669 [background-preinit] INFO  o.h.v.i.util.Version - [<clinit>,21] - HV000001: Hibernate Validator 6.2.3.Final
10:41:53.465 [main] INFO  c.e.demo.Application - [logStartupProfileInfo,645] - No active profile set, falling back to 1 default profile: "default"
10:41:58.235 [main] INFO  o.a.c.h.Http11NioProtocol - [log,173] - Initializing ProtocolHandler ["http-nio-8080"]
10:41:58.235 [main] INFO  o.a.c.c.StandardService - [log,173] - Starting service [Tomcat]
10:41:58.235 [main] INFO  o.a.c.c.StandardEngine - [log,173] - Starting Servlet engine: [Apache Tomcat/9.0.63]
10:41:58.501 [main] INFO  o.a.c.c.C.[.[.[/] - [log,173] - Initializing Spring embedded WebApplicationContext
10:42:21.666 [main] INFO  c.a.d.p.DruidDataSource - [init,998] - {dataSource-1,master} inited
10:42:21.810 [main] INFO  o.a.c.c.StandardService - [log,173] - Stopping service [Tomcat]
10:42:49.574 [background-preinit] INFO  o.h.v.i.util.Version - [<clinit>,21] - HV000001: Hibernate Validator 6.2.3.Final
10:42:52.230 [main] INFO  c.e.demo.Application - [logStartupProfileInfo,645] - No active profile set, falling back to 1 default profile: "default"
10:42:57.041 [main] INFO  o.a.c.h.Http11NioProtocol - [log,173] - Initializing ProtocolHandler ["http-nio-8080"]
10:42:57.041 [main] INFO  o.a.c.c.StandardService - [log,173] - Starting service [Tomcat]
10:42:57.041 [main] INFO  o.a.c.c.StandardEngine - [log,173] - Starting Servlet engine: [Apache Tomcat/9.0.63]
10:42:57.213 [main] INFO  o.a.c.c.C.[.[.[/] - [log,173] - Initializing Spring embedded WebApplicationContext
10:42:59.901 [main] INFO  c.a.d.p.DruidDataSource - [init,998] - {dataSource-1,master} inited
10:42:59.901 [main] INFO  c.b.d.d.DynamicRoutingDataSource - [addDataSource,148] - dynamic-datasource - add a datasource named [master] success
10:42:59.917 [main] INFO  c.b.d.d.DynamicRoutingDataSource - [afterPropertiesSet,228] - dynamic-datasource initial loaded [1] datasource,primary datasource named [master]
10:43:00.361 [main] INFO  c.e.d.s.i.DemoConfigServiceImpl - [init,45] - 初始化参数到缓存
10:43:06.708 [main] INFO  o.a.c.h.Http11NioProtocol - [log,173] - Starting ProtocolHandler ["http-nio-8080"]
10:43:08.818 [main] INFO  c.e.demo.Application - [logStarted,61] - Started Application in 21.564 seconds (JVM running for 22.565)
10:43:20.732 [http-nio-8080-exec-1] INFO  o.a.c.c.C.[.[.[/] - [log,173] - Initializing Spring DispatcherServlet 'dispatcherServlet'
10:48:38.556 [http-nio-8080-exec-2] INFO  c.e.d.c.DemoConfigController - [add,101] - 参数配置新增
10:49:14.358 [http-nio-8080-exec-3] INFO  c.e.d.c.DemoConfigController - [add,101] - 参数配置新增
10:52:13.176 [http-nio-8080-exec-8] INFO  c.e.d.c.DemoConfigController - [list,57] - 参数列表查询
11:01:44.934 [http-nio-8080-exec-10] INFO  c.e.d.c.DemoConfigController - [add,101] - 参数配置新增
11:02:03.253 [http-nio-8080-exec-4] INFO  c.e.d.c.DemoConfigController - [add,101] - 参数配置新增
11:07:07.772 [http-nio-8080-exec-8] INFO  c.e.d.c.DemoConfigController - [list,57] - 参数列表查询
12:59:09.877 [http-nio-8080-exec-1] INFO  c.e.d.c.DemoConfigController - [list,57] - 参数列表查询
13:00:08.402 [http-nio-8080-exec-2] INFO  c.e.d.c.DemoConfigController - [add,101] - 参数配置新增
13:06:15.484 [http-nio-8080-exec-7] INFO  c.e.d.c.DemoConfigController - [add,101] - 参数配置新增
13:06:25.256 [http-nio-8080-exec-1] INFO  c.e.d.c.DemoConfigController - [list,57] - 参数列表查询
13:07:46.953 [http-nio-8080-exec-9] INFO  c.e.d.c.DemoConfigController - [list,57] - 参数列表查询
13:13:57.948 [http-nio-8080-exec-7] INFO  c.e.d.c.DemoConfigController - [list,57] - 参数列表查询
13:13:58.958 [http-nio-8080-exec-10] INFO  c.e.d.c.DemoConfigController - [list,57] - 参数列表查询
13:14:24.677 [http-nio-8080-exec-3] INFO  c.e.d.c.DemoConfigController - [list,57] - 参数列表查询
13:19:03.049 [http-nio-8080-exec-3] INFO  c.e.d.c.DemoConfigController - [add,101] - 参数配置新增
13:33:41.986 [SpringApplicationShutdownHook] INFO  c.b.d.d.DynamicRoutingDataSource - [destroy,205] - dynamic-datasource start closing ....
13:33:42.163 [SpringApplicationShutdownHook] INFO  c.a.d.p.DruidDataSource - [close,2071] - {dataSource-1} closing ...
13:33:42.314 [SpringApplicationShutdownHook] INFO  c.a.d.p.DruidDataSource - [close,2144] - {dataSource-1} closed
13:33:42.314 [SpringApplicationShutdownHook] INFO  c.b.d.d.DynamicRoutingDataSource - [destroy,209] - dynamic-datasource all closed success,bye
13:36:09.674 [background-preinit] INFO  o.h.v.i.util.Version - [<clinit>,21] - HV000001: Hibernate Validator 6.2.3.Final
13:36:12.777 [main] INFO  c.e.demo.Application - [logStartupProfileInfo,645] - No active profile set, falling back to 1 default profile: "default"
13:36:19.027 [main] INFO  o.a.c.h.Http11NioProtocol - [log,173] - Initializing ProtocolHandler ["http-nio-8080"]
13:36:19.042 [main] INFO  o.a.c.c.StandardService - [log,173] - Starting service [Tomcat]
13:36:19.042 [main] INFO  o.a.c.c.StandardEngine - [log,173] - Starting Servlet engine: [Apache Tomcat/9.0.63]
13:36:19.420 [main] INFO  o.a.c.c.C.[.[.[/] - [log,173] - Initializing Spring embedded WebApplicationContext
13:36:22.570 [main] INFO  c.a.d.p.DruidDataSource - [init,998] - {dataSource-1,master} inited
13:36:22.570 [main] INFO  c.b.d.d.DynamicRoutingDataSource - [addDataSource,148] - dynamic-datasource - add a datasource named [master] success
13:36:22.601 [main] INFO  c.b.d.d.DynamicRoutingDataSource - [afterPropertiesSet,228] - dynamic-datasource initial loaded [1] datasource,primary datasource named [master]
13:36:22.967 [main] INFO  c.e.d.s.i.DemoConfigServiceImpl - [init,45] - 初始化参数到缓存
13:36:29.671 [main] INFO  o.a.c.h.Http11NioProtocol - [log,173] - Starting ProtocolHandler ["http-nio-8080"]
13:36:31.873 [main] INFO  c.e.demo.Application - [logStarted,61] - Started Application in 24.797 seconds (JVM running for 28.315)
13:36:52.582 [http-nio-8080-exec-1] INFO  o.a.c.c.C.[.[.[/] - [log,173] - Initializing Spring DispatcherServlet 'dispatcherServlet'
13:37:20.374 [SpringApplicationShutdownHook] INFO  c.b.d.d.DynamicRoutingDataSource - [destroy,205] - dynamic-datasource start closing ....
13:37:20.422 [SpringApplicationShutdownHook] INFO  c.a.d.p.DruidDataSource - [close,2071] - {dataSource-1} closing ...
13:37:20.454 [SpringApplicationShutdownHook] INFO  c.a.d.p.DruidDataSource - [close,2144] - {dataSource-1} closed
13:37:20.454 [SpringApplicationShutdownHook] INFO  c.b.d.d.DynamicRoutingDataSource - [destroy,209] - dynamic-datasource all closed success,bye
